RUN	RecordedSimulation	recordedsimulation	1673121556387	tEST	3.9.0
USER	RecordedSimulation	START	1673121561373
USER	RecordedSimulation	START	1673121561373
USER	RecordedSimulation	START	1673121561373
USER	RecordedSimulation	START	1673121561373
USER	RecordedSimulation	START	1673121561373
USER	RecordedSimulation	START	1673121561373
USER	RecordedSimulation	START	1673121561373
USER	RecordedSimulation	START	1673121561380
REQUEST		request_0	1673121561283	1673121561381	OK	 
REQUEST		request_0	1673121561332	1673121561381	OK	 
REQUEST		request_0	1673121561300	1673121561381	OK	 
USER	RecordedSimulation	START	1673121561412
REQUEST		request_0	1673121561263	1673121561415	OK	 
REQUEST		request_0	1673121561348	1673121561415	OK	 
REQUEST		request_0	1673121561263	1673121561415	OK	 
REQUEST		request_0	1673121561379	1673121561416	OK	 
REQUEST		request_0	1673121561411	1673121561417	OK	 
REQUEST		request_0	1673121561263	1673121561420	OK	 
USER	RecordedSimulation	END	1673121561430
USER	RecordedSimulation	END	1673121561430
USER	RecordedSimulation	END	1673121561430
USER	RecordedSimulation	END	1673121561430
USER	RecordedSimulation	END	1673121561430
USER	RecordedSimulation	END	1673121561430
USER	RecordedSimulation	END	1673121561430
USER	RecordedSimulation	END	1673121561430
USER	RecordedSimulation	END	1673121561430
USER	RecordedSimulation	START	1673121561432
REQUEST		request_0	1673121561431	1673121561435	OK	 
USER	RecordedSimulation	END	1673121561436
USER	RecordedSimulation	START	1673121561467
REQUEST		request_0	1673121561466	1673121561470	OK	 
USER	RecordedSimulation	END	1673121561471
USER	RecordedSimulation	START	1673121561501
REQUEST		request_0	1673121561500	1673121561504	OK	 
USER	RecordedSimulation	END	1673121561505
USER	RecordedSimulation	START	1673121561517
REQUEST		request_0	1673121561516	1673121561520	OK	 
USER	RecordedSimulation	END	1673121561521
USER	RecordedSimulation	START	1673121561550
REQUEST		request_0	1673121561549	1673121561554	OK	 
USER	RecordedSimulation	END	1673121561555
USER	RecordedSimulation	START	1673121561566
REQUEST		request_0	1673121561565	1673121561568	OK	 
USER	RecordedSimulation	END	1673121561569
USER	RecordedSimulation	START	1673121561596
REQUEST		request_0	1673121561596	1673121561599	OK	 
USER	RecordedSimulation	END	1673121561600
USER	RecordedSimulation	START	1673121561618
REQUEST		request_0	1673121561617	1673121561620	OK	 
USER	RecordedSimulation	END	1673121561621
USER	RecordedSimulation	START	1673121561649
REQUEST		request_0	1673121561648	1673121561651	OK	 
USER	RecordedSimulation	END	1673121561652
USER	RecordedSimulation	START	1673121561681
REQUEST		request_0	1673121561680	1673121561684	OK	 
USER	RecordedSimulation	END	1673121561685
USER	RecordedSimulation	START	1673121561701
REQUEST		request_0	1673121561700	1673121561703	OK	 
USER	RecordedSimulation	END	1673121561704
USER	RecordedSimulation	START	1673121561734
REQUEST		request_0	1673121561733	1673121561737	OK	 
USER	RecordedSimulation	END	1673121561739
USER	RecordedSimulation	START	1673121561748
REQUEST		request_0	1673121561748	1673121561752	OK	 
USER	RecordedSimulation	END	1673121561753
USER	RecordedSimulation	START	1673121561781
REQUEST		request_0	1673121561780	1673121561784	OK	 
USER	RecordedSimulation	END	1673121561785
USER	RecordedSimulation	START	1673121561812
REQUEST		request_0	1673121561812	1673121561816	OK	 
USER	RecordedSimulation	END	1673121561818
USER	RecordedSimulation	START	1673121561828
REQUEST		request_0	1673121561827	1673121561831	OK	 
USER	RecordedSimulation	END	1673121561833
USER	RecordedSimulation	START	1673121561859
REQUEST		request_0	1673121561859	1673121561862	OK	 
USER	RecordedSimulation	END	1673121561863
USER	RecordedSimulation	START	1673121561893
REQUEST		request_0	1673121561892	1673121561897	OK	 
USER	RecordedSimulation	END	1673121561898
USER	RecordedSimulation	START	1673121561912
REQUEST		request_0	1673121561912	1673121561914	OK	 
USER	RecordedSimulation	END	1673121561915
USER	RecordedSimulation	START	1673121561946
REQUEST		request_0	1673121561945	1673121561947	OK	 
USER	RecordedSimulation	END	1673121561948
USER	RecordedSimulation	START	1673121561961
REQUEST		request_0	1673121561961	1673121561964	OK	 
USER	RecordedSimulation	END	1673121561964
USER	RecordedSimulation	START	1673121561993
REQUEST		request_0	1673121561993	1673121561995	OK	 
USER	RecordedSimulation	END	1673121561996
USER	RecordedSimulation	START	1673121562025
REQUEST		request_0	1673121562024	1673121562028	OK	 
USER	RecordedSimulation	END	1673121562029
USER	RecordedSimulation	START	1673121562041
REQUEST		request_0	1673121562040	1673121562044	OK	 
USER	RecordedSimulation	END	1673121562045
USER	RecordedSimulation	START	1673121562073
REQUEST		request_0	1673121562072	1673121562076	OK	 
USER	RecordedSimulation	END	1673121562078
USER	RecordedSimulation	START	1673121562103
USER	RecordedSimulation	START	1673121562120
REQUEST		request_0	1673121562102	1673121562133	OK	 
REQUEST		request_0	1673121562119	1673121562133	OK	 
USER	RecordedSimulation	END	1673121562134
USER	RecordedSimulation	END	1673121562134
USER	RecordedSimulation	START	1673121562151
REQUEST		request_0	1673121562151	1673121562154	OK	 
USER	RecordedSimulation	END	1673121562155
USER	RecordedSimulation	START	1673121562170
REQUEST		request_0	1673121562170	1673121562173	OK	 
USER	RecordedSimulation	END	1673121562174
USER	RecordedSimulation	START	1673121562203
REQUEST		request_0	1673121562202	1673121562205	OK	 
USER	RecordedSimulation	END	1673121562206
USER	RecordedSimulation	START	1673121562236
REQUEST		request_0	1673121562235	1673121562238	OK	 
USER	RecordedSimulation	END	1673121562239
USER	RecordedSimulation	START	1673121562319
REQUEST		request_0	1673121562318	1673121562322	OK	 
USER	RecordedSimulation	END	1673121562324
USER	RecordedSimulation	START	1673121562428
REQUEST		request_0	1673121562427	1673121562431	OK	 
USER	RecordedSimulation	END	1673121562433
USER	RecordedSimulation	START	1673121562522
REQUEST		request_0	1673121562522	1673121562525	OK	 
USER	RecordedSimulation	END	1673121562526
USER	RecordedSimulation	START	1673121562618
REQUEST		request_0	1673121562617	1673121562621	OK	 
USER	RecordedSimulation	END	1673121562623
USER	RecordedSimulation	START	1673121562718
REQUEST		request_0	1673121562717	1673121562721	OK	 
USER	RecordedSimulation	END	1673121562723
USER	RecordedSimulation	START	1673121562833
REQUEST		request_0	1673121562832	1673121562836	OK	 
USER	RecordedSimulation	END	1673121562837
USER	RecordedSimulation	START	1673121562932
REQUEST		request_0	1673121562931	1673121562934	OK	 
USER	RecordedSimulation	END	1673121562935
USER	RecordedSimulation	START	1673121563030
REQUEST		request_0	1673121563029	1673121563043	OK	 
USER	RecordedSimulation	END	1673121563044
USER	RecordedSimulation	START	1673121563127
REQUEST		request_0	1673121563126	1673121563129	OK	 
USER	RecordedSimulation	END	1673121563130
USER	RecordedSimulation	START	1673121563225
REQUEST		request_0	1673121563224	1673121563228	OK	 
USER	RecordedSimulation	END	1673121563230
USER	RecordedSimulation	START	1673121563304
REQUEST		request_0	1673121563303	1673121563307	OK	 
USER	RecordedSimulation	END	1673121563308
USER	RecordedSimulation	START	1673121563383
REQUEST		request_0	1673121563382	1673121563387	OK	 
USER	RecordedSimulation	END	1673121563389
USER	RecordedSimulation	START	1673121563476
REQUEST		request_0	1673121563476	1673121563478	OK	 
USER	RecordedSimulation	END	1673121563479
USER	RecordedSimulation	START	1673121563556
REQUEST		request_0	1673121563555	1673121563559	OK	 
USER	RecordedSimulation	END	1673121563560
USER	RecordedSimulation	START	1673121563635
REQUEST		request_0	1673121563634	1673121563639	OK	 
USER	RecordedSimulation	END	1673121563641
USER	RecordedSimulation	START	1673121563729
REQUEST		request_0	1673121563728	1673121563732	OK	 
USER	RecordedSimulation	END	1673121563734
USER	RecordedSimulation	START	1673121563808
REQUEST		request_0	1673121563807	1673121563811	OK	 
USER	RecordedSimulation	END	1673121563812
USER	RecordedSimulation	START	1673121563888
REQUEST		request_0	1673121563887	1673121563891	OK	 
USER	RecordedSimulation	END	1673121563893
USER	RecordedSimulation	START	1673121563981
REQUEST		request_0	1673121563980	1673121563984	OK	 
USER	RecordedSimulation	END	1673121563986
USER	RecordedSimulation	START	1673121564065
REQUEST		request_0	1673121564064	1673121564068	OK	 
USER	RecordedSimulation	END	1673121564069
USER	RecordedSimulation	START	1673121564146
REQUEST		request_0	1673121564146	1673121564150	OK	 
USER	RecordedSimulation	END	1673121564152
USER	RecordedSimulation	START	1673121564225
REQUEST		request_0	1673121564224	1673121564228	OK	 
USER	RecordedSimulation	END	1673121564230
USER	RecordedSimulation	START	1673121564305
REQUEST		request_0	1673121564304	1673121564308	OK	 
USER	RecordedSimulation	END	1673121564310
USER	RecordedSimulation	START	1673121564385
REQUEST		request_0	1673121564384	1673121564388	OK	 
USER	RecordedSimulation	END	1673121564390
USER	RecordedSimulation	START	1673121564469
REQUEST		request_0	1673121564468	1673121564473	OK	 
USER	RecordedSimulation	END	1673121564474
USER	RecordedSimulation	START	1673121564562
REQUEST		request_0	1673121564562	1673121564566	OK	 
USER	RecordedSimulation	END	1673121564568
USER	RecordedSimulation	START	1673121564647
REQUEST		request_0	1673121564646	1673121564650	OK	 
USER	RecordedSimulation	END	1673121564652
USER	RecordedSimulation	START	1673121564725
REQUEST		request_0	1673121564725	1673121564727	OK	 
USER	RecordedSimulation	END	1673121564728
USER	RecordedSimulation	START	1673121564804
REQUEST		request_0	1673121564804	1673121564807	OK	 
USER	RecordedSimulation	END	1673121564808
USER	RecordedSimulation	START	1673121564888
REQUEST		request_0	1673121564888	1673121564891	OK	 
USER	RecordedSimulation	END	1673121564891
USER	RecordedSimulation	START	1673121564984
REQUEST		request_0	1673121564983	1673121564987	OK	 
USER	RecordedSimulation	END	1673121564989
USER	RecordedSimulation	START	1673121565062
REQUEST		request_0	1673121565061	1673121565066	OK	 
USER	RecordedSimulation	END	1673121565068
USER	RecordedSimulation	START	1673121565149
REQUEST		request_0	1673121565148	1673121565153	OK	 
USER	RecordedSimulation	END	1673121565155
USER	RecordedSimulation	START	1673121565236
REQUEST		request_0	1673121565235	1673121565239	OK	 
USER	RecordedSimulation	END	1673121565240
USER	RecordedSimulation	START	1673121565301
REQUEST		request_0	1673121565301	1673121565304	OK	 
USER	RecordedSimulation	END	1673121565306
USER	RecordedSimulation	START	1673121565365
REQUEST		request_0	1673121565364	1673121565367	OK	 
USER	RecordedSimulation	END	1673121565369
USER	RecordedSimulation	START	1673121565444
REQUEST		request_0	1673121565443	1673121565447	OK	 
USER	RecordedSimulation	END	1673121565448
USER	RecordedSimulation	START	1673121565506
REQUEST		request_0	1673121565505	1673121565508	OK	 
USER	RecordedSimulation	END	1673121565510
USER	RecordedSimulation	START	1673121565585
REQUEST		request_0	1673121565584	1673121565588	OK	 
USER	RecordedSimulation	END	1673121565589
USER	RecordedSimulation	START	1673121565647
REQUEST		request_0	1673121565646	1673121565650	OK	 
USER	RecordedSimulation	END	1673121565651
USER	RecordedSimulation	START	1673121565726
REQUEST		request_0	1673121565725	1673121565729	OK	 
USER	RecordedSimulation	END	1673121565730
USER	RecordedSimulation	START	1673121565804
REQUEST		request_0	1673121565804	1673121565818	OK	 
USER	RecordedSimulation	END	1673121565820
USER	RecordedSimulation	START	1673121565868
REQUEST		request_0	1673121565867	1673121565871	OK	 
USER	RecordedSimulation	END	1673121565871
USER	RecordedSimulation	START	1673121565948
REQUEST		request_0	1673121565948	1673121565952	OK	 
USER	RecordedSimulation	END	1673121565953
USER	RecordedSimulation	START	1673121566012
REQUEST		request_0	1673121566011	1673121566015	OK	 
USER	RecordedSimulation	END	1673121566016
USER	RecordedSimulation	START	1673121566082
REQUEST		request_0	1673121566081	1673121566086	OK	 
USER	RecordedSimulation	END	1673121566087
USER	RecordedSimulation	START	1673121566152
REQUEST		request_0	1673121566151	1673121566155	OK	 
USER	RecordedSimulation	END	1673121566157
USER	RecordedSimulation	START	1673121566231
REQUEST		request_0	1673121566230	1673121566234	OK	 
USER	RecordedSimulation	END	1673121566236
USER	RecordedSimulation	START	1673121566292
REQUEST		request_0	1673121566292	1673121566295	OK	 
USER	RecordedSimulation	END	1673121566296
USER	RecordedSimulation	START	1673121566372
REQUEST		request_0	1673121566371	1673121566375	OK	 
USER	RecordedSimulation	END	1673121566376
USER	RecordedSimulation	START	1673121566435
REQUEST		request_0	1673121566434	1673121566438	OK	 
USER	RecordedSimulation	END	1673121566440
USER	RecordedSimulation	START	1673121566514
REQUEST		request_0	1673121566513	1673121566517	OK	 
USER	RecordedSimulation	END	1673121566518
USER	RecordedSimulation	START	1673121566576
REQUEST		request_0	1673121566576	1673121566580	OK	 
USER	RecordedSimulation	END	1673121566581
USER	RecordedSimulation	START	1673121566651
REQUEST		request_0	1673121566651	1673121566654	OK	 
USER	RecordedSimulation	END	1673121566655
USER	RecordedSimulation	START	1673121566730
REQUEST		request_0	1673121566729	1673121566733	OK	 
USER	RecordedSimulation	END	1673121566735
USER	RecordedSimulation	START	1673121566792
REQUEST		request_0	1673121566792	1673121566795	OK	 
USER	RecordedSimulation	END	1673121566796
USER	RecordedSimulation	START	1673121566872
REQUEST		request_0	1673121566871	1673121566875	OK	 
USER	RecordedSimulation	END	1673121566876
USER	RecordedSimulation	START	1673121566937
REQUEST		request_0	1673121566937	1673121566941	OK	 
USER	RecordedSimulation	END	1673121566942
USER	RecordedSimulation	START	1673121567015
REQUEST		request_0	1673121567014	1673121567018	OK	 
USER	RecordedSimulation	END	1673121567020
USER	RecordedSimulation	START	1673121567078
REQUEST		request_0	1673121567077	1673121567081	OK	 
USER	RecordedSimulation	END	1673121567082
USER	RecordedSimulation	START	1673121567147
REQUEST		request_0	1673121567146	1673121567149	OK	 
USER	RecordedSimulation	END	1673121567151
USER	RecordedSimulation	START	1673121567231
REQUEST		request_0	1673121567230	1673121567243	OK	 
USER	RecordedSimulation	END	1673121567243
USER	RecordedSimulation	START	1673121567279
REQUEST		request_0	1673121567278	1673121567281	OK	 
USER	RecordedSimulation	END	1673121567282
USER	RecordedSimulation	START	1673121567342
REQUEST		request_0	1673121567341	1673121567345	OK	 
USER	RecordedSimulation	END	1673121567346
USER	RecordedSimulation	START	1673121567405
REQUEST		request_0	1673121567405	1673121567408	OK	 
USER	RecordedSimulation	END	1673121567409
USER	RecordedSimulation	START	1673121567468
REQUEST		request_0	1673121567468	1673121567471	OK	 
USER	RecordedSimulation	END	1673121567473
USER	RecordedSimulation	START	1673121567531
REQUEST		request_0	1673121567530	1673121567545	OK	 
USER	RecordedSimulation	END	1673121567546
USER	RecordedSimulation	START	1673121567595
REQUEST		request_0	1673121567594	1673121567598	OK	 
USER	RecordedSimulation	END	1673121567599
USER	RecordedSimulation	START	1673121567657
REQUEST		request_0	1673121567657	1673121567660	OK	 
USER	RecordedSimulation	END	1673121567662
USER	RecordedSimulation	START	1673121567720
REQUEST		request_0	1673121567719	1673121567721	OK	 
USER	RecordedSimulation	END	1673121567722
USER	RecordedSimulation	START	1673121567783
REQUEST		request_0	1673121567783	1673121567785	OK	 
USER	RecordedSimulation	END	1673121567787
USER	RecordedSimulation	START	1673121567846
REQUEST		request_0	1673121567845	1673121567850	OK	 
USER	RecordedSimulation	END	1673121567851
USER	RecordedSimulation	START	1673121567911
REQUEST		request_0	1673121567910	1673121567914	OK	 
USER	RecordedSimulation	END	1673121567915
USER	RecordedSimulation	START	1673121567976
REQUEST		request_0	1673121567976	1673121567979	OK	 
USER	RecordedSimulation	END	1673121567980
USER	RecordedSimulation	START	1673121568039
REQUEST		request_0	1673121568038	1673121568041	OK	 
USER	RecordedSimulation	END	1673121568043
USER	RecordedSimulation	START	1673121568102
REQUEST		request_0	1673121568102	1673121568106	OK	 
USER	RecordedSimulation	END	1673121568107
USER	RecordedSimulation	START	1673121568158
REQUEST		request_0	1673121568158	1673121568160	OK	 
USER	RecordedSimulation	END	1673121568161
USER	RecordedSimulation	START	1673121568225
REQUEST		request_0	1673121568225	1673121568228	OK	 
USER	RecordedSimulation	END	1673121568229
USER	RecordedSimulation	START	1673121568285
REQUEST		request_0	1673121568284	1673121568288	OK	 
USER	RecordedSimulation	END	1673121568289
USER	RecordedSimulation	START	1673121568348
REQUEST		request_0	1673121568347	1673121568350	OK	 
USER	RecordedSimulation	END	1673121568352
USER	RecordedSimulation	START	1673121568424
REQUEST		request_0	1673121568424	1673121568426	OK	 
USER	RecordedSimulation	END	1673121568427
USER	RecordedSimulation	START	1673121568472
REQUEST		request_0	1673121568472	1673121568474	OK	 
USER	RecordedSimulation	END	1673121568475
USER	RecordedSimulation	START	1673121568534
REQUEST		request_0	1673121568534	1673121568536	OK	 
USER	RecordedSimulation	END	1673121568537
USER	RecordedSimulation	START	1673121568606
REQUEST		request_0	1673121568605	1673121568609	OK	 
USER	RecordedSimulation	END	1673121568611
USER	RecordedSimulation	START	1673121568663
REQUEST		request_0	1673121568662	1673121568666	OK	 
USER	RecordedSimulation	END	1673121568668
USER	RecordedSimulation	START	1673121568722
REQUEST		request_0	1673121568722	1673121568724	OK	 
USER	RecordedSimulation	END	1673121568725
USER	RecordedSimulation	START	1673121568785
REQUEST		request_0	1673121568784	1673121568787	OK	 
USER	RecordedSimulation	END	1673121568787
USER	RecordedSimulation	START	1673121568848
REQUEST		request_0	1673121568847	1673121568850	OK	 
USER	RecordedSimulation	END	1673121568851
USER	RecordedSimulation	START	1673121568910
REQUEST		request_0	1673121568910	1673121568915	OK	 
USER	RecordedSimulation	END	1673121568917
USER	RecordedSimulation	START	1673121568973
REQUEST		request_0	1673121568973	1673121568976	OK	 
USER	RecordedSimulation	END	1673121568978
USER	RecordedSimulation	START	1673121569036
REQUEST		request_0	1673121569035	1673121569038	OK	 
USER	RecordedSimulation	END	1673121569039
USER	RecordedSimulation	START	1673121569099
REQUEST		request_0	1673121569098	1673121569102	OK	 
USER	RecordedSimulation	END	1673121569102
USER	RecordedSimulation	START	1673121569168
REQUEST		request_0	1673121569167	1673121569171	OK	 
USER	RecordedSimulation	END	1673121569172
USER	RecordedSimulation	START	1673121569231
REQUEST		request_0	1673121569230	1673121569234	OK	 
USER	RecordedSimulation	END	1673121569236
USER	RecordedSimulation	START	1673121569285
REQUEST		request_0	1673121569284	1673121569288	OK	 
USER	RecordedSimulation	END	1673121569289
USER	RecordedSimulation	START	1673121569334
REQUEST		request_0	1673121569334	1673121569337	OK	 
USER	RecordedSimulation	END	1673121569338
USER	RecordedSimulation	START	1673121569397
REQUEST		request_0	1673121569396	1673121569400	OK	 
USER	RecordedSimulation	END	1673121569401
USER	RecordedSimulation	START	1673121569444
REQUEST		request_0	1673121569444	1673121569447	OK	 
USER	RecordedSimulation	END	1673121569449
USER	RecordedSimulation	START	1673121569508
REQUEST		request_0	1673121569507	1673121569511	OK	 
USER	RecordedSimulation	END	1673121569512
USER	RecordedSimulation	START	1673121569556
REQUEST		request_0	1673121569555	1673121569558	OK	 
USER	RecordedSimulation	END	1673121569559
USER	RecordedSimulation	START	1673121569619
REQUEST		request_0	1673121569618	1673121569622	OK	 
USER	RecordedSimulation	END	1673121569623
USER	RecordedSimulation	START	1673121569666
REQUEST		request_0	1673121569665	1673121569669	OK	 
USER	RecordedSimulation	END	1673121569670
USER	RecordedSimulation	START	1673121569729
REQUEST		request_0	1673121569728	1673121569743	OK	 
USER	RecordedSimulation	END	1673121569744
USER	RecordedSimulation	START	1673121569776
REQUEST		request_0	1673121569775	1673121569779	OK	 
USER	RecordedSimulation	END	1673121569780
USER	RecordedSimulation	START	1673121569839
REQUEST		request_0	1673121569838	1673121569842	OK	 
USER	RecordedSimulation	END	1673121569843
USER	RecordedSimulation	START	1673121569889
REQUEST		request_0	1673121569888	1673121569890	OK	 
USER	RecordedSimulation	END	1673121569891
USER	RecordedSimulation	START	1673121569954
REQUEST		request_0	1673121569953	1673121569957	OK	 
USER	RecordedSimulation	END	1673121569958
USER	RecordedSimulation	START	1673121570001
REQUEST		request_0	1673121570000	1673121570004	OK	 
USER	RecordedSimulation	END	1673121570005
USER	RecordedSimulation	START	1673121570063
REQUEST		request_0	1673121570063	1673121570067	OK	 
USER	RecordedSimulation	END	1673121570068
USER	RecordedSimulation	START	1673121570111
REQUEST		request_0	1673121570110	1673121570114	OK	 
USER	RecordedSimulation	END	1673121570115
USER	RecordedSimulation	START	1673121570177
REQUEST		request_0	1673121570177	1673121570190	OK	 
USER	RecordedSimulation	END	1673121570191
USER	RecordedSimulation	START	1673121570225
REQUEST		request_0	1673121570224	1673121570228	OK	 
USER	RecordedSimulation	END	1673121570229
USER	RecordedSimulation	START	1673121570272
REQUEST		request_0	1673121570271	1673121570275	OK	 
USER	RecordedSimulation	END	1673121570276
USER	RecordedSimulation	START	1673121570338
REQUEST		request_0	1673121570338	1673121570342	OK	 
USER	RecordedSimulation	END	1673121570344
USER	RecordedSimulation	START	1673121570386
REQUEST		request_0	1673121570385	1673121570388	OK	 
USER	RecordedSimulation	END	1673121570390
USER	RecordedSimulation	START	1673121570450
REQUEST		request_0	1673121570449	1673121570453	OK	 
USER	RecordedSimulation	END	1673121570454
USER	RecordedSimulation	START	1673121570497
REQUEST		request_0	1673121570497	1673121570500	OK	 
USER	RecordedSimulation	END	1673121570501
USER	RecordedSimulation	START	1673121570561
REQUEST		request_0	1673121570560	1673121570576	OK	 
USER	RecordedSimulation	END	1673121570577
USER	RecordedSimulation	START	1673121570608
REQUEST		request_0	1673121570607	1673121570611	OK	 
USER	RecordedSimulation	END	1673121570612
USER	RecordedSimulation	START	1673121570675
REQUEST		request_0	1673121570674	1673121570678	OK	 
USER	RecordedSimulation	END	1673121570679
USER	RecordedSimulation	START	1673121570722
REQUEST		request_0	1673121570722	1673121570725	OK	 
USER	RecordedSimulation	END	1673121570726
USER	RecordedSimulation	START	1673121570785
REQUEST		request_0	1673121570784	1673121570788	OK	 
USER	RecordedSimulation	END	1673121570790
USER	RecordedSimulation	START	1673121570832
REQUEST		request_0	1673121570832	1673121570835	OK	 
USER	RecordedSimulation	END	1673121570837
USER	RecordedSimulation	START	1673121570895
REQUEST		request_0	1673121570895	1673121570898	OK	 
USER	RecordedSimulation	END	1673121570900
USER	RecordedSimulation	START	1673121570949
REQUEST		request_0	1673121570948	1673121570952	OK	 
USER	RecordedSimulation	END	1673121570954
USER	RecordedSimulation	START	1673121570998
REQUEST		request_0	1673121570997	1673121571001	OK	 
USER	RecordedSimulation	END	1673121571003
USER	RecordedSimulation	START	1673121571065
REQUEST		request_0	1673121571064	1673121571068	OK	 
USER	RecordedSimulation	END	1673121571070
USER	RecordedSimulation	START	1673121571113
REQUEST		request_0	1673121571113	1673121571116	OK	 
USER	RecordedSimulation	END	1673121571118
USER	RecordedSimulation	START	1673121571168
REQUEST		request_0	1673121571167	1673121571171	OK	 
USER	RecordedSimulation	END	1673121571173
USER	RecordedSimulation	START	1673121571230
REQUEST		request_0	1673121571230	1673121571232	OK	 
USER	RecordedSimulation	END	1673121571233
USER	RecordedSimulation	START	1673121571277
REQUEST		request_0	1673121571277	1673121571281	OK	 
USER	RecordedSimulation	END	1673121571282
USER	RecordedSimulation	START	1673121571325
REQUEST		request_0	1673121571325	1673121571338	OK	 
USER	RecordedSimulation	END	1673121571339
USER	RecordedSimulation	START	1673121571371
REQUEST		request_0	1673121571371	1673121571374	OK	 
USER	RecordedSimulation	END	1673121571375
USER	RecordedSimulation	START	1673121571418
REQUEST		request_0	1673121571418	1673121571421	OK	 
USER	RecordedSimulation	END	1673121571422
USER	RecordedSimulation	START	1673121571482
REQUEST		request_0	1673121571482	1673121571485	OK	 
USER	RecordedSimulation	END	1673121571486
USER	RecordedSimulation	START	1673121571529
REQUEST		request_0	1673121571529	1673121571532	OK	 
USER	RecordedSimulation	END	1673121571534
USER	RecordedSimulation	START	1673121571583
REQUEST		request_0	1673121571583	1673121571586	OK	 
USER	RecordedSimulation	END	1673121571587
USER	RecordedSimulation	START	1673121571630
REQUEST		request_0	1673121571630	1673121571633	OK	 
USER	RecordedSimulation	END	1673121571634
USER	RecordedSimulation	START	1673121571677
REQUEST		request_0	1673121571677	1673121571680	OK	 
USER	RecordedSimulation	END	1673121571681
USER	RecordedSimulation	START	1673121571726
REQUEST		request_0	1673121571726	1673121571729	OK	 
USER	RecordedSimulation	END	1673121571730
USER	RecordedSimulation	START	1673121571774
REQUEST		request_0	1673121571773	1673121571777	OK	 
USER	RecordedSimulation	END	1673121571778
USER	RecordedSimulation	START	1673121571821
REQUEST		request_0	1673121571821	1673121571824	OK	 
USER	RecordedSimulation	END	1673121571825
USER	RecordedSimulation	START	1673121571868
REQUEST		request_0	1673121571868	1673121571871	OK	 
USER	RecordedSimulation	END	1673121571873
USER	RecordedSimulation	START	1673121571931
REQUEST		request_0	1673121571930	1673121571934	OK	 
USER	RecordedSimulation	END	1673121571935
USER	RecordedSimulation	START	1673121571980
REQUEST		request_0	1673121571980	1673121571983	OK	 
USER	RecordedSimulation	END	1673121571984
USER	RecordedSimulation	START	1673121572027
REQUEST		request_0	1673121572026	1673121572029	OK	 
USER	RecordedSimulation	END	1673121572030
USER	RecordedSimulation	START	1673121572074
REQUEST		request_0	1673121572074	1673121572077	OK	 
USER	RecordedSimulation	END	1673121572078
USER	RecordedSimulation	START	1673121572125
REQUEST		request_0	1673121572124	1673121572127	OK	 
USER	RecordedSimulation	END	1673121572128
USER	RecordedSimulation	START	1673121572176
REQUEST		request_0	1673121572176	1673121572179	OK	 
USER	RecordedSimulation	END	1673121572180
USER	RecordedSimulation	START	1673121572303
REQUEST		request_0	1673121572302	1673121572305	OK	 
USER	RecordedSimulation	END	1673121572306
USER	RecordedSimulation	START	1673121572318
REQUEST		request_0	1673121572318	1673121572320	OK	 
USER	RecordedSimulation	END	1673121572321
USER	RecordedSimulation	START	1673121572334
REQUEST		request_0	1673121572334	1673121572336	OK	 
USER	RecordedSimulation	END	1673121572337
USER	RecordedSimulation	START	1673121572397
REQUEST		request_0	1673121572396	1673121572399	OK	 
USER	RecordedSimulation	END	1673121572400
USER	RecordedSimulation	START	1673121572434
REQUEST		request_0	1673121572433	1673121572437	OK	 
USER	RecordedSimulation	END	1673121572438
USER	RecordedSimulation	START	1673121572497
REQUEST		request_0	1673121572496	1673121572499	OK	 
USER	RecordedSimulation	END	1673121572500
USER	RecordedSimulation	START	1673121572512
REQUEST		request_0	1673121572512	1673121572515	OK	 
USER	RecordedSimulation	END	1673121572516
USER	RecordedSimulation	START	1673121572534
REQUEST		request_0	1673121572533	1673121572537	OK	 
USER	RecordedSimulation	END	1673121572538
USER	RecordedSimulation	START	1673121572628
REQUEST		request_0	1673121572628	1673121572631	OK	 
USER	RecordedSimulation	END	1673121572632
USER	RecordedSimulation	START	1673121572644
REQUEST		request_0	1673121572643	1673121572646	OK	 
USER	RecordedSimulation	END	1673121572647
USER	RecordedSimulation	START	1673121572723
REQUEST		request_0	1673121572723	1673121572725	OK	 
USER	RecordedSimulation	END	1673121572726
USER	RecordedSimulation	START	1673121572849
REQUEST		request_0	1673121572848	1673121572852	OK	 
USER	RecordedSimulation	END	1673121572853
USER	RecordedSimulation	START	1673121572865
REQUEST		request_0	1673121572864	1673121572868	OK	 
USER	RecordedSimulation	END	1673121572870
USER	RecordedSimulation	START	1673121572912
REQUEST		request_0	1673121572912	1673121572915	OK	 
USER	RecordedSimulation	END	1673121572916
USER	RecordedSimulation	START	1673121572944
REQUEST		request_0	1673121572943	1673121572946	OK	 
USER	RecordedSimulation	END	1673121572947
USER	RecordedSimulation	START	1673121572990
REQUEST		request_0	1673121572990	1673121572993	OK	 
USER	RecordedSimulation	END	1673121572994
USER	RecordedSimulation	START	1673121573085
REQUEST		request_0	1673121573084	1673121573087	OK	 
USER	RecordedSimulation	END	1673121573089
USER	RecordedSimulation	START	1673121573151
REQUEST		request_0	1673121573151	1673121573154	OK	 
USER	RecordedSimulation	END	1673121573155
USER	RecordedSimulation	START	1673121573262
REQUEST		request_0	1673121573261	1673121573265	OK	 
USER	RecordedSimulation	END	1673121573266
USER	RecordedSimulation	START	1673121573325
REQUEST		request_0	1673121573324	1673121573328	OK	 
USER	RecordedSimulation	END	1673121573329
USER	RecordedSimulation	START	1673121573418
REQUEST		request_0	1673121573418	1673121573421	OK	 
USER	RecordedSimulation	END	1673121573423
USER	RecordedSimulation	START	1673121573695
REQUEST		request_0	1673121573695	1673121573698	OK	 
USER	RecordedSimulation	END	1673121573699
USER	RecordedSimulation	START	1673121573924
REQUEST		request_0	1673121573923	1673121573927	OK	 
USER	RecordedSimulation	END	1673121573928
USER	RecordedSimulation	START	1673121573986
REQUEST		request_0	1673121573986	1673121573988	OK	 
USER	RecordedSimulation	END	1673121573989
USER	RecordedSimulation	START	1673121574004
REQUEST		request_0	1673121574003	1673121574005	OK	 
USER	RecordedSimulation	END	1673121574006
USER	RecordedSimulation	START	1673121574051
REQUEST		request_0	1673121574050	1673121574054	OK	 
USER	RecordedSimulation	END	1673121574055
USER	RecordedSimulation	START	1673121574120
REQUEST		request_0	1673121574119	1673121574122	OK	 
USER	RecordedSimulation	END	1673121574122
USER	RecordedSimulation	START	1673121574202
REQUEST		request_0	1673121574201	1673121574205	OK	 
USER	RecordedSimulation	END	1673121574206
USER	RecordedSimulation	START	1673121574233
REQUEST		request_0	1673121574233	1673121574235	OK	 
USER	RecordedSimulation	END	1673121574236
USER	RecordedSimulation	START	1673121574281
REQUEST		request_0	1673121574280	1673121574283	OK	 
USER	RecordedSimulation	END	1673121574284
USER	RecordedSimulation	START	1673121574317
REQUEST		request_0	1673121574316	1673121574318	OK	 
USER	RecordedSimulation	END	1673121574320
USER	RecordedSimulation	START	1673121574364
REQUEST		request_0	1673121574363	1673121574366	OK	 
USER	RecordedSimulation	END	1673121574366
USER	RecordedSimulation	START	1673121574384
REQUEST		request_0	1673121574384	1673121574386	OK	 
USER	RecordedSimulation	END	1673121574387
USER	RecordedSimulation	START	1673121574418
REQUEST		request_0	1673121574415	1673121574420	OK	 
USER	RecordedSimulation	END	1673121574421
USER	RecordedSimulation	START	1673121574541
REQUEST		request_0	1673121574540	1673121574543	OK	 
USER	RecordedSimulation	END	1673121574544
USER	RecordedSimulation	START	1673121574695
USER	RecordedSimulation	START	1673121574695
REQUEST		request_0	1673121574695	1673121574698	OK	 
REQUEST		request_0	1673121574695	1673121574698	OK	 
USER	RecordedSimulation	END	1673121574699
USER	RecordedSimulation	END	1673121574700
USER	RecordedSimulation	START	1673121574956
REQUEST		request_0	1673121574955	1673121574958	OK	 
USER	RecordedSimulation	END	1673121574959
USER	RecordedSimulation	START	1673121574988
REQUEST		request_0	1673121574987	1673121574990	OK	 
USER	RecordedSimulation	END	1673121574991
USER	RecordedSimulation	START	1673121575036
REQUEST		request_0	1673121575035	1673121575050	OK	 
USER	RecordedSimulation	END	1673121575051
USER	RecordedSimulation	START	1673121575084
REQUEST		request_0	1673121575083	1673121575087	OK	 
USER	RecordedSimulation	END	1673121575088
USER	RecordedSimulation	START	1673121575342
REQUEST		request_0	1673121575341	1673121575344	OK	 
USER	RecordedSimulation	END	1673121575345
USER	RecordedSimulation	START	1673121575358
REQUEST		request_0	1673121575357	1673121575360	OK	 
USER	RecordedSimulation	END	1673121575361
USER	RecordedSimulation	START	1673121575421
USER	RecordedSimulation	START	1673121575421
REQUEST		request_0	1673121575420	1673121575422	OK	 
REQUEST		request_0	1673121575420	1673121575422	OK	 
USER	RecordedSimulation	END	1673121575423
USER	RecordedSimulation	END	1673121575423
USER	RecordedSimulation	START	1673121575614
REQUEST		request_0	1673121575613	1673121575617	OK	 
USER	RecordedSimulation	END	1673121575618
USER	RecordedSimulation	START	1673121575629
REQUEST		request_0	1673121575628	1673121575630	OK	 
USER	RecordedSimulation	END	1673121575631
USER	RecordedSimulation	START	1673121575755
REQUEST		request_0	1673121575754	1673121575758	OK	 
USER	RecordedSimulation	END	1673121575759
USER	RecordedSimulation	START	1673121575802
REQUEST		request_0	1673121575801	1673121575803	OK	 
USER	RecordedSimulation	END	1673121575804
USER	RecordedSimulation	START	1673121575880
USER	RecordedSimulation	START	1673121575881
REQUEST		request_0	1673121575880	1673121575883	OK	 
REQUEST		request_0	1673121575880	1673121575884	OK	 
USER	RecordedSimulation	END	1673121575885
USER	RecordedSimulation	END	1673121575885
USER	RecordedSimulation	START	1673121575944
USER	RecordedSimulation	START	1673121575944
REQUEST		request_0	1673121575943	1673121575946	OK	 
REQUEST		request_0	1673121575943	1673121575947	OK	 
USER	RecordedSimulation	END	1673121575948
USER	RecordedSimulation	END	1673121575948
USER	RecordedSimulation	START	1673121576039
USER	RecordedSimulation	START	1673121576039
REQUEST		request_0	1673121576038	1673121576042	OK	 
REQUEST		request_0	1673121576038	1673121576042	OK	 
USER	RecordedSimulation	END	1673121576043
USER	RecordedSimulation	END	1673121576043
USER	RecordedSimulation	START	1673121576119
REQUEST		request_0	1673121576118	1673121576121	OK	 
USER	RecordedSimulation	END	1673121576122
USER	RecordedSimulation	START	1673121576235
REQUEST		request_0	1673121576234	1673121576238	OK	 
USER	RecordedSimulation	END	1673121576239
USER	RecordedSimulation	START	1673121576377
REQUEST		request_0	1673121576377	1673121576380	OK	 
USER	RecordedSimulation	END	1673121576382
USER	RecordedSimulation	START	1673121576567
REQUEST		request_0	1673121576566	1673121576570	OK	 
USER	RecordedSimulation	END	1673121576571
USER	RecordedSimulation	START	1673121576605
REQUEST		request_0	1673121576604	1673121576606	OK	 
USER	RecordedSimulation	END	1673121576607
USER	RecordedSimulation	START	1673121576646
REQUEST		request_0	1673121576645	1673121576649	OK	 
USER	RecordedSimulation	END	1673121576650
USER	RecordedSimulation	START	1673121576677
USER	RecordedSimulation	START	1673121576677
REQUEST		request_0	1673121576677	1673121576679	OK	 
REQUEST		request_0	1673121576676	1673121576679	OK	 
USER	RecordedSimulation	END	1673121576680
USER	RecordedSimulation	END	1673121576680
USER	RecordedSimulation	START	1673121576724
REQUEST		request_0	1673121576724	1673121576727	OK	 
USER	RecordedSimulation	END	1673121576728
USER	RecordedSimulation	START	1673121576771
REQUEST		request_0	1673121576771	1673121576774	OK	 
USER	RecordedSimulation	END	1673121576775
USER	RecordedSimulation	START	1673121576794
REQUEST		request_0	1673121576794	1673121576796	OK	 
USER	RecordedSimulation	END	1673121576797
USER	RecordedSimulation	START	1673121576818
REQUEST		request_0	1673121576818	1673121576821	OK	 
USER	RecordedSimulation	END	1673121576821
USER	RecordedSimulation	START	1673121576960
REQUEST		request_0	1673121576959	1673121576963	OK	 
USER	RecordedSimulation	END	1673121576964
USER	RecordedSimulation	START	1673121576975
REQUEST		request_0	1673121576974	1673121576987	OK	 
USER	RecordedSimulation	END	1673121576988
USER	RecordedSimulation	START	1673121577135
REQUEST		request_0	1673121577135	1673121577138	OK	 
USER	RecordedSimulation	END	1673121577139
USER	RecordedSimulation	START	1673121577215
REQUEST		request_0	1673121577214	1673121577218	OK	 
USER	RecordedSimulation	END	1673121577219
USER	RecordedSimulation	START	1673121577344
REQUEST		request_0	1673121577344	1673121577345	OK	 
USER	RecordedSimulation	END	1673121577346
USER	RecordedSimulation	START	1673121577566
REQUEST		request_0	1673121577565	1673121577569	OK	 
USER	RecordedSimulation	END	1673121577570
USER	RecordedSimulation	START	1673121577631
USER	RecordedSimulation	START	1673121577631
REQUEST		request_0	1673121577631	1673121577634	OK	 
USER	RecordedSimulation	END	1673121577635
REQUEST		request_0	1673121577631	1673121577645	OK	 
USER	RecordedSimulation	END	1673121577646
USER	RecordedSimulation	START	1673121577663
REQUEST		request_0	1673121577662	1673121577666	OK	 
USER	RecordedSimulation	END	1673121577667
USER	RecordedSimulation	START	1673121577832
REQUEST		request_0	1673121577831	1673121577836	OK	 
USER	RecordedSimulation	END	1673121577837
USER	RecordedSimulation	START	1673121577943
REQUEST		request_0	1673121577942	1673121577945	OK	 
USER	RecordedSimulation	END	1673121577946
USER	RecordedSimulation	START	1673121578040
REQUEST		request_0	1673121578039	1673121578042	OK	 
USER	RecordedSimulation	END	1673121578043
USER	RecordedSimulation	START	1673121578141
REQUEST		request_0	1673121578140	1673121578143	OK	 
USER	RecordedSimulation	END	1673121578145
USER	RecordedSimulation	START	1673121578188
REQUEST		request_0	1673121578188	1673121578191	OK	 
USER	RecordedSimulation	END	1673121578192
USER	RecordedSimulation	START	1673121578298
REQUEST		request_0	1673121578297	1673121578301	OK	 
USER	RecordedSimulation	END	1673121578302
USER	RecordedSimulation	START	1673121578318
REQUEST		request_0	1673121578317	1673121578321	OK	 
USER	RecordedSimulation	END	1673121578322
USER	RecordedSimulation	START	1673121578382
REQUEST		request_0	1673121578381	1673121578384	OK	 
USER	RecordedSimulation	END	1673121578385
USER	RecordedSimulation	START	1673121578460
REQUEST		request_0	1673121578460	1673121578462	OK	 
USER	RecordedSimulation	END	1673121578463
USER	RecordedSimulation	START	1673121578525
REQUEST		request_0	1673121578524	1673121578527	OK	 
USER	RecordedSimulation	END	1673121578528
USER	RecordedSimulation	START	1673121578571
REQUEST		request_0	1673121578571	1673121578573	OK	 
USER	RecordedSimulation	END	1673121578573
USER	RecordedSimulation	START	1673121578603
REQUEST		request_0	1673121578602	1673121578605	OK	 
USER	RecordedSimulation	END	1673121578605
USER	RecordedSimulation	START	1673121578665
REQUEST		request_0	1673121578665	1673121578667	OK	 
USER	RecordedSimulation	END	1673121578668
USER	RecordedSimulation	START	1673121578681
REQUEST		request_0	1673121578681	1673121578683	OK	 
USER	RecordedSimulation	END	1673121578683
USER	RecordedSimulation	START	1673121578729
REQUEST		request_0	1673121578728	1673121578731	OK	 
USER	RecordedSimulation	END	1673121578731
USER	RecordedSimulation	START	1673121578839
REQUEST		request_0	1673121578838	1673121578841	OK	 
USER	RecordedSimulation	END	1673121578842
USER	RecordedSimulation	START	1673121578870
REQUEST		request_0	1673121578869	1673121578872	OK	 
USER	RecordedSimulation	END	1673121578873
USER	RecordedSimulation	START	1673121578980
REQUEST		request_0	1673121578980	1673121578983	OK	 
USER	RecordedSimulation	END	1673121578984
USER	RecordedSimulation	START	1673121579027
REQUEST		request_0	1673121579027	1673121579030	OK	 
USER	RecordedSimulation	END	1673121579031
USER	RecordedSimulation	START	1673121579045
REQUEST		request_0	1673121579044	1673121579047	OK	 
USER	RecordedSimulation	END	1673121579048
USER	RecordedSimulation	START	1673121579061
REQUEST		request_0	1673121579060	1673121579063	OK	 
USER	RecordedSimulation	END	1673121579063
USER	RecordedSimulation	START	1673121579109
REQUEST		request_0	1673121579108	1673121579112	OK	 
USER	RecordedSimulation	END	1673121579113
USER	RecordedSimulation	START	1673121579156
REQUEST		request_0	1673121579155	1673121579159	OK	 
USER	RecordedSimulation	END	1673121579160
USER	RecordedSimulation	START	1673121579235
REQUEST		request_0	1673121579234	1673121579237	OK	 
USER	